{"/home/pitas/Desktop/SLM assignment/api/src/config/config.ts": {"path":"/home/pitas/Desktop/SLM assignment/api/src/config/config.ts","statementMap":{"0":{"start":{"line":2,"column":19},"end":{"line":2,"column":38}},"1":{"start":{"line":3,"column":23},"end":{"line":3,"column":42}},"2":{"start":{"line":4,"column":19},"end":{"line":4,"column":38}},"3":{"start":{"line":5,"column":19},"end":{"line":5,"column":37}},"4":{"start":{"line":8,"column":14},"end":{"line":13,"column":2}},"5":{"start":{"line":16,"column":24},"end":{"line":16,"column":55}},"6":{"start":{"line":17,"column":20},"end":{"line":17,"column":44}},"7":{"start":{"line":19,"column":15},"end":{"line":22,"column":2}},"8":{"start":{"line":25,"column":15},"end":{"line":28,"column":2}},"9":{"start":{"line":30,"column":0},"end":{"line":30,"column":22}}},"fnMap":{},"branchMap":{"0":{"loc":{"start":{"line":16,"column":40},"end":{"line":16,"column":44}},"type":"cond-expr","locations":[{"start":{"line":16,"column":40},"end":{"line":16,"column":44}},{"start":{"line":16,"column":44},"end":{"line":16,"column":55}}]},"1":{"loc":{"start":{"line":16,"column":24},"end":{"line":16,"column":44}},"type":"binary-expr","locations":[{"start":{"line":16,"column":24},"end":{"line":16,"column":44}},{"start":{"line":16,"column":40},"end":{"line":16,"column":44}}]},"2":{"loc":{"start":{"line":17,"column":36},"end":{"line":17,"column":40}},"type":"cond-expr","locations":[{"start":{"line":17,"column":36},"end":{"line":17,"column":40}},{"start":{"line":17,"column":40},"end":{"line":17,"column":44}}]},"3":{"loc":{"start":{"line":17,"column":20},"end":{"line":17,"column":40}},"type":"binary-expr","locations":[{"start":{"line":17,"column":20},"end":{"line":17,"column":40}},{"start":{"line":17,"column":36},"end":{"line":17,"column":40}}]}},"s":{"0":3,"1":3,"2":3,"3":3,"4":3,"5":3,"6":3,"7":3,"8":3,"9":3},"f":{},"b":{"0":[0,3],"1":[3,3],"2":[0,3],"3":[3,3]}}
,"/home/pitas/Desktop/SLM assignment/api/src/config/mysql.ts": {"path":"/home/pitas/Desktop/SLM assignment/api/src/config/mysql.ts","statementMap":{"0":{"start":{"line":2,"column":0},"end":{"line":2,"column":42}},"1":{"start":{"line":3,"column":0},"end":{"line":3,"column":30}},"2":{"start":{"line":6,"column":15},"end":{"line":12,"column":2}},"3":{"start":{"line":15,"column":19},"end":{"line":15,"column":37}},"4":{"start":{"line":18,"column":14},"end":{"line":32,"column":5}},"5":{"start":{"line":18,"column":34},"end":{"line":32,"column":5}},"6":{"start":{"line":19,"column":2},"end":{"line":32,"column":5}},"7":{"start":{"line":20,"column":4},"end":{"line":31,"column":7}},"8":{"start":{"line":21,"column":6},"end":{"line":23,"column":null}},"9":{"start":{"line":22,"column":8},"end":{"line":22,"column":20}},"10":{"start":{"line":24,"column":6},"end":{"line":30,"column":9}},"11":{"start":{"line":25,"column":8},"end":{"line":27,"column":null}},"12":{"start":{"line":26,"column":10},"end":{"line":26,"column":22}},"13":{"start":{"line":28,"column":8},"end":{"line":28,"column":43}},"14":{"start":{"line":29,"column":8},"end":{"line":29,"column":29}},"15":{"start":{"line":34,"column":9},"end":{"line":34,"column":14}}},"fnMap":{"0":{"name":"(anonymous_14)","decl":{"start":{"line":18,"column":14},"end":{"line":18,"column":21}},"loc":{"start":{"line":18,"column":34},"end":{"line":32,"column":5}}},"1":{"name":"(anonymous_15)","decl":{"start":{"line":18,"column":34},"end":{"line":18,"column":null}},"loc":{"start":{"line":18,"column":34},"end":{"line":32,"column":5}}},"2":{"name":"(anonymous_17)","decl":{"start":{"line":19,"column":20},"end":{"line":19,"column":21}},"loc":{"start":{"line":19,"column":36},"end":{"line":32,"column":3}}},"3":{"name":"(anonymous_18)","decl":{"start":{"line":20,"column":23},"end":{"line":20,"column":24}},"loc":{"start":{"line":20,"column":39},"end":{"line":31,"column":5}}},"4":{"name":"(anonymous_19)","decl":{"start":{"line":24,"column":30},"end":{"line":24,"column":31}},"loc":{"start":{"line":24,"column":42},"end":{"line":30,"column":7}}}},"branchMap":{"0":{"loc":{"start":{"line":19,"column":2},"end":{"line":32,"column":5}},"type":"switch","locations":[{"start":{"line":19,"column":2},"end":{"line":32,"column":5}},{"start":{"line":19,"column":2},"end":{"line":32,"column":5}}]},"1":{"loc":{"start":{"line":21,"column":6},"end":{"line":23,"column":null}},"type":"if","locations":[{"start":{"line":21,"column":6},"end":{"line":23,"column":null}},{"start":{"line":21,"column":6},"end":{"line":23,"column":null}}]},"2":{"loc":{"start":{"line":25,"column":8},"end":{"line":27,"column":null}},"type":"if","locations":[{"start":{"line":25,"column":8},"end":{"line":27,"column":null}},{"start":{"line":25,"column":8},"end":{"line":27,"column":null}}]}},"s":{"0":3,"1":3,"2":3,"3":3,"4":3,"5":0,"6":0,"7":0,"8":0,"9":0,"10":0,"11":0,"12":0,"13":0,"14":0,"15":3},"f":{"0":0,"1":0,"2":0,"3":0,"4":0},"b":{"0":[0,0],"1":[0,0],"2":[0,0]}}
,"/home/pitas/Desktop/SLM assignment/api/src/services/drivers.service.ts": {"path":"/home/pitas/Desktop/SLM assignment/api/src/services/drivers.service.ts","statementMap":{"0":{"start":{"line":1,"column":0},"end":{"line":1,"column":40}},"1":{"start":{"line":2,"column":0},"end":{"line":2,"column":46}},"2":{"start":{"line":4,"column":22},"end":{"line":14,"column":2}},"3":{"start":{"line":6,"column":10},"end":{"line":6,"column":66}},"4":{"start":{"line":8,"column":20},"end":{"line":8,"column":null}},"5":{"start":{"line":8,"column":10},"end":{"line":8,"column":null}},"6":{"start":{"line":10,"column":4},"end":{"line":10,"column":19}},"7":{"start":{"line":12,"column":4},"end":{"line":12,"column":17}},"8":{"start":{"line":4,"column":13},"end":{"line":4,"column":22}},"9":{"start":{"line":17,"column":35},"end":{"line":34,"column":2}},"10":{"start":{"line":18,"column":16},"end":{"line":34,"column":2}},"11":{"start":{"line":21,"column":10},"end":{"line":26,"column":6}},"12":{"start":{"line":28,"column":20},"end":{"line":28,"column":null}},"13":{"start":{"line":28,"column":10},"end":{"line":28,"column":null}},"14":{"start":{"line":30,"column":4},"end":{"line":30,"column":19}},"15":{"start":{"line":32,"column":4},"end":{"line":32,"column":15}},"16":{"start":{"line":17,"column":13},"end":{"line":17,"column":35}},"17":{"start":{"line":36,"column":34},"end":{"line":49,"column":2}},"18":{"start":{"line":36,"column":55},"end":{"line":49,"column":2}},"19":{"start":{"line":38,"column":10},"end":{"line":41,"column":6}},"20":{"start":{"line":43,"column":20},"end":{"line":43,"column":null}},"21":{"start":{"line":43,"column":10},"end":{"line":43,"column":null}},"22":{"start":{"line":45,"column":4},"end":{"line":45,"column":19}},"23":{"start":{"line":47,"column":4},"end":{"line":47,"column":15}},"24":{"start":{"line":36,"column":13},"end":{"line":36,"column":34}}},"fnMap":{"0":{"name":"(anonymous_14)","decl":{"start":{"line":4,"column":22},"end":{"line":4,"column":null}},"loc":{"start":{"line":4,"column":22},"end":{"line":14,"column":2}}},"1":{"name":"(anonymous_17)","decl":{"start":{"line":17,"column":35},"end":{"line":17,"column":null}},"loc":{"start":{"line":18,"column":16},"end":{"line":34,"column":2}}},"2":{"name":"(anonymous_18)","decl":{"start":{"line":18,"column":16},"end":{"line":18,"column":null}},"loc":{"start":{"line":18,"column":16},"end":{"line":34,"column":2}}},"3":{"name":"(anonymous_20)","decl":{"start":{"line":36,"column":34},"end":{"line":36,"column":41}},"loc":{"start":{"line":36,"column":55},"end":{"line":49,"column":2}}},"4":{"name":"(anonymous_21)","decl":{"start":{"line":36,"column":55},"end":{"line":36,"column":null}},"loc":{"start":{"line":36,"column":55},"end":{"line":49,"column":2}}}},"branchMap":{},"s":{"0":1,"1":1,"2":3,"3":2,"4":2,"5":2,"6":2,"7":0,"8":1,"9":1,"10":2,"11":2,"12":2,"13":2,"14":2,"15":0,"16":1,"17":1,"18":2,"19":2,"20":2,"21":2,"22":2,"23":0,"24":1},"f":{"0":4,"1":2,"2":2,"3":2,"4":2},"b":{}}
,"/home/pitas/Desktop/SLM assignment/api/src/services/package.get.service.ts": {"path":"/home/pitas/Desktop/SLM assignment/api/src/services/package.get.service.ts","statementMap":{"0":{"start":{"line":1,"column":0},"end":{"line":1,"column":40}},"1":{"start":{"line":2,"column":0},"end":{"line":2,"column":46}},"2":{"start":{"line":4,"column":27},"end":{"line":14,"column":2}},"3":{"start":{"line":6,"column":10},"end":{"line":6,"column":43}},"4":{"start":{"line":8,"column":20},"end":{"line":8,"column":null}},"5":{"start":{"line":8,"column":10},"end":{"line":8,"column":null}},"6":{"start":{"line":10,"column":4},"end":{"line":10,"column":19}},"7":{"start":{"line":12,"column":4},"end":{"line":12,"column":17}},"8":{"start":{"line":4,"column":13},"end":{"line":4,"column":27}},"9":{"start":{"line":16,"column":26},"end":{"line":26,"column":2}},"10":{"start":{"line":19,"column":10},"end":{"line":19,"column":62}},"11":{"start":{"line":21,"column":20},"end":{"line":21,"column":null}},"12":{"start":{"line":21,"column":10},"end":{"line":21,"column":null}},"13":{"start":{"line":22,"column":4},"end":{"line":22,"column":19}},"14":{"start":{"line":24,"column":4},"end":{"line":24,"column":17}},"15":{"start":{"line":16,"column":13},"end":{"line":16,"column":26}},"16":{"start":{"line":28,"column":28},"end":{"line":38,"column":2}},"17":{"start":{"line":31,"column":10},"end":{"line":31,"column":63}},"18":{"start":{"line":33,"column":20},"end":{"line":33,"column":null}},"19":{"start":{"line":33,"column":10},"end":{"line":33,"column":null}},"20":{"start":{"line":34,"column":4},"end":{"line":34,"column":19}},"21":{"start":{"line":36,"column":4},"end":{"line":36,"column":17}},"22":{"start":{"line":28,"column":13},"end":{"line":28,"column":28}},"23":{"start":{"line":40,"column":26},"end":{"line":50,"column":2}},"24":{"start":{"line":43,"column":10},"end":{"line":43,"column":63}},"25":{"start":{"line":45,"column":20},"end":{"line":45,"column":null}},"26":{"start":{"line":45,"column":10},"end":{"line":45,"column":null}},"27":{"start":{"line":46,"column":4},"end":{"line":46,"column":19}},"28":{"start":{"line":48,"column":4},"end":{"line":48,"column":17}},"29":{"start":{"line":40,"column":13},"end":{"line":40,"column":26}},"30":{"start":{"line":52,"column":28},"end":{"line":63,"column":2}},"31":{"start":{"line":55,"column":10},"end":{"line":55,"column":64}},"32":{"start":{"line":57,"column":20},"end":{"line":57,"column":null}},"33":{"start":{"line":57,"column":10},"end":{"line":57,"column":null}},"34":{"start":{"line":59,"column":4},"end":{"line":59,"column":19}},"35":{"start":{"line":61,"column":4},"end":{"line":61,"column":17}},"36":{"start":{"line":52,"column":13},"end":{"line":52,"column":28}},"37":{"start":{"line":65,"column":28},"end":{"line":98,"column":2}},"38":{"start":{"line":65,"column":50},"end":{"line":98,"column":2}},"39":{"start":{"line":68,"column":10},"end":{"line":71,"column":6}},"40":{"start":{"line":73,"column":20},"end":{"line":73,"column":null}},"41":{"start":{"line":73,"column":10},"end":{"line":73,"column":null}},"42":{"start":{"line":74,"column":8},"end":{"line":74,"column":21}},"43":{"start":{"line":76,"column":4},"end":{"line":92,"column":null}},"44":{"start":{"line":77,"column":12},"end":{"line":77,"column":43}},"45":{"start":{"line":78,"column":12},"end":{"line":78,"column":47}},"46":{"start":{"line":79,"column":12},"end":{"line":79,"column":44}},"47":{"start":{"line":81,"column":6},"end":{"line":89,"column":null}},"48":{"start":{"line":82,"column":8},"end":{"line":82,"column":41}},"49":{"start":{"line":83,"column":13},"end":{"line":89,"column":null}},"50":{"start":{"line":84,"column":8},"end":{"line":84,"column":52}},"51":{"start":{"line":85,"column":13},"end":{"line":89,"column":null}},"52":{"start":{"line":86,"column":8},"end":{"line":86,"column":62}},"53":{"start":{"line":88,"column":8},"end":{"line":88,"column":32}},"54":{"start":{"line":91,"column":6},"end":{"line":91,"column":34}},"55":{"start":{"line":93,"column":4},"end":{"line":93,"column":19}},"56":{"start":{"line":95,"column":4},"end":{"line":95,"column":25}},"57":{"start":{"line":96,"column":4},"end":{"line":96,"column":17}},"58":{"start":{"line":65,"column":13},"end":{"line":65,"column":28}},"59":{"start":{"line":100,"column":22},"end":{"line":164,"column":2}},"60":{"start":{"line":103,"column":10},"end":{"line":104,"column":269}},"61":{"start":{"line":107,"column":25},"end":{"line":107,"column":null}},"62":{"start":{"line":107,"column":10},"end":{"line":107,"column":null}},"63":{"start":{"line":110,"column":10},"end":{"line":117,"column":13}},"64":{"start":{"line":120,"column":4},"end":{"line":159,"column":null}},"65":{"start":{"line":121,"column":6},"end":{"line":158,"column":9}},"66":{"start":{"line":122,"column":26},"end":{"line":122,"column":38}},"67":{"start":{"line":123,"column":28},"end":{"line":123,"column":42}},"68":{"start":{"line":124,"column":26},"end":{"line":124,"column":39}},"69":{"start":{"line":125,"column":25},"end":{"line":125,"column":48}},"70":{"start":{"line":126,"column":29},"end":{"line":126,"column":48}},"71":{"start":{"line":127,"column":24},"end":{"line":127,"column":46}},"72":{"start":{"line":128,"column":23},"end":{"line":128,"column":49}},"73":{"start":{"line":129,"column":26},"end":{"line":129,"column":54}},"74":{"start":{"line":132,"column":8},"end":{"line":136,"column":null}},"75":{"start":{"line":133,"column":10},"end":{"line":133,"column":38}},"76":{"start":{"line":135,"column":10},"end":{"line":135,"column":40}},"77":{"start":{"line":140,"column":8},"end":{"line":148,"column":null}},"78":{"start":{"line":141,"column":10},"end":{"line":141,"column":42}},"79":{"start":{"line":142,"column":15},"end":{"line":148,"column":null}},"80":{"start":{"line":143,"column":10},"end":{"line":143,"column":53}},"81":{"start":{"line":144,"column":15},"end":{"line":148,"column":null}},"82":{"start":{"line":145,"column":10},"end":{"line":145,"column":62}},"83":{"start":{"line":147,"column":10},"end":{"line":147,"column":33}},"84":{"start":{"line":150,"column":8},"end":{"line":157,"column":11}},"85":{"start":{"line":160,"column":4},"end":{"line":160,"column":21}},"86":{"start":{"line":162,"column":4},"end":{"line":162,"column":17}},"87":{"start":{"line":100,"column":13},"end":{"line":100,"column":22}},"88":{"start":{"line":166,"column":26},"end":{"line":180,"column":2}},"89":{"start":{"line":166,"column":48},"end":{"line":180,"column":2}},"90":{"start":{"line":169,"column":10},"end":{"line":172,"column":6}},"91":{"start":{"line":174,"column":20},"end":{"line":174,"column":null}},"92":{"start":{"line":174,"column":10},"end":{"line":174,"column":null}},"93":{"start":{"line":176,"column":4},"end":{"line":176,"column":19}},"94":{"start":{"line":178,"column":4},"end":{"line":178,"column":17}},"95":{"start":{"line":166,"column":13},"end":{"line":166,"column":26}}},"fnMap":{"0":{"name":"(anonymous_14)","decl":{"start":{"line":4,"column":27},"end":{"line":4,"column":null}},"loc":{"start":{"line":4,"column":27},"end":{"line":14,"column":2}}},"1":{"name":"(anonymous_17)","decl":{"start":{"line":16,"column":26},"end":{"line":16,"column":null}},"loc":{"start":{"line":16,"column":26},"end":{"line":26,"column":2}}},"2":{"name":"(anonymous_20)","decl":{"start":{"line":28,"column":28},"end":{"line":28,"column":null}},"loc":{"start":{"line":28,"column":28},"end":{"line":38,"column":2}}},"3":{"name":"(anonymous_23)","decl":{"start":{"line":40,"column":26},"end":{"line":40,"column":null}},"loc":{"start":{"line":40,"column":26},"end":{"line":50,"column":2}}},"4":{"name":"(anonymous_26)","decl":{"start":{"line":52,"column":28},"end":{"line":52,"column":null}},"loc":{"start":{"line":52,"column":28},"end":{"line":63,"column":2}}},"5":{"name":"(anonymous_29)","decl":{"start":{"line":65,"column":28},"end":{"line":65,"column":35}},"loc":{"start":{"line":65,"column":50},"end":{"line":98,"column":2}}},"6":{"name":"(anonymous_30)","decl":{"start":{"line":65,"column":50},"end":{"line":65,"column":null}},"loc":{"start":{"line":65,"column":50},"end":{"line":98,"column":2}}},"7":{"name":"(anonymous_32)","decl":{"start":{"line":100,"column":22},"end":{"line":100,"column":null}},"loc":{"start":{"line":100,"column":22},"end":{"line":164,"column":2}}},"8":{"name":"(anonymous_35)","decl":{"start":{"line":121,"column":27},"end":{"line":121,"column":28}},"loc":{"start":{"line":121,"column":37},"end":{"line":158,"column":7}}},"9":{"name":"(anonymous_36)","decl":{"start":{"line":166,"column":26},"end":{"line":166,"column":33}},"loc":{"start":{"line":166,"column":48},"end":{"line":180,"column":2}}},"10":{"name":"(anonymous_37)","decl":{"start":{"line":166,"column":48},"end":{"line":166,"column":null}},"loc":{"start":{"line":166,"column":48},"end":{"line":180,"column":2}}}},"branchMap":{"0":{"loc":{"start":{"line":76,"column":4},"end":{"line":92,"column":null}},"type":"if","locations":[{"start":{"line":76,"column":4},"end":{"line":92,"column":null}},{"start":{"line":76,"column":4},"end":{"line":92,"column":null}}]},"1":{"loc":{"start":{"line":81,"column":6},"end":{"line":89,"column":null}},"type":"if","locations":[{"start":{"line":81,"column":6},"end":{"line":89,"column":null}},{"start":{"line":81,"column":6},"end":{"line":89,"column":null}}]},"2":{"loc":{"start":{"line":83,"column":13},"end":{"line":89,"column":null}},"type":"if","locations":[{"start":{"line":83,"column":13},"end":{"line":89,"column":null}},{"start":{"line":83,"column":13},"end":{"line":89,"column":null}}]},"3":{"loc":{"start":{"line":85,"column":13},"end":{"line":89,"column":null}},"type":"if","locations":[{"start":{"line":85,"column":13},"end":{"line":89,"column":null}},{"start":{"line":85,"column":13},"end":{"line":89,"column":null}}]},"4":{"loc":{"start":{"line":120,"column":4},"end":{"line":159,"column":null}},"type":"if","locations":[{"start":{"line":120,"column":4},"end":{"line":159,"column":null}},{"start":{"line":120,"column":4},"end":{"line":159,"column":null}}]},"5":{"loc":{"start":{"line":132,"column":8},"end":{"line":136,"column":null}},"type":"if","locations":[{"start":{"line":132,"column":8},"end":{"line":136,"column":null}},{"start":{"line":132,"column":8},"end":{"line":136,"column":null}}]},"6":{"loc":{"start":{"line":140,"column":8},"end":{"line":148,"column":null}},"type":"if","locations":[{"start":{"line":140,"column":8},"end":{"line":148,"column":null}},{"start":{"line":140,"column":8},"end":{"line":148,"column":null}}]},"7":{"loc":{"start":{"line":142,"column":15},"end":{"line":148,"column":null}},"type":"if","locations":[{"start":{"line":142,"column":15},"end":{"line":148,"column":null}},{"start":{"line":142,"column":15},"end":{"line":148,"column":null}}]},"8":{"loc":{"start":{"line":144,"column":15},"end":{"line":148,"column":null}},"type":"if","locations":[{"start":{"line":144,"column":15},"end":{"line":148,"column":null}},{"start":{"line":144,"column":15},"end":{"line":148,"column":null}}]}},"s":{"0":1,"1":1,"2":3,"3":2,"4":2,"5":2,"6":2,"7":0,"8":1,"9":7,"10":6,"11":6,"12":6,"13":6,"14":0,"15":1,"16":4,"17":3,"18":3,"19":3,"20":3,"21":0,"22":1,"23":7,"24":6,"25":6,"26":6,"27":6,"28":0,"29":1,"30":4,"31":3,"32":3,"33":3,"34":3,"35":0,"36":1,"37":1,"38":6,"39":6,"40":6,"41":6,"42":6,"43":6,"44":5,"45":5,"46":5,"47":5,"48":2,"49":3,"50":1,"51":2,"52":1,"53":1,"54":1,"55":6,"56":0,"57":0,"58":1,"59":3,"60":2,"61":2,"62":2,"63":2,"64":2,"65":2,"66":4,"67":4,"68":4,"69":4,"70":4,"71":4,"72":4,"73":4,"74":4,"75":4,"76":0,"77":4,"78":0,"79":4,"80":0,"81":4,"82":0,"83":4,"84":4,"85":2,"86":0,"87":1,"88":1,"89":2,"90":2,"91":2,"92":2,"93":2,"94":0,"95":1},"f":{"0":4,"1":12,"2":6,"3":12,"4":6,"5":6,"6":6,"7":4,"8":4,"9":2,"10":2},"b":{"0":[5,1],"1":[2,3],"2":[1,2],"3":[1,1],"4":[2,0],"5":[4,0],"6":[0,4],"7":[0,4],"8":[0,4]}}
,"/home/pitas/Desktop/SLM assignment/api/src/services/package.put.service.ts": {"path":"/home/pitas/Desktop/SLM assignment/api/src/services/package.put.service.ts","statementMap":{"0":{"start":{"line":1,"column":0},"end":{"line":1,"column":40}},"1":{"start":{"line":2,"column":0},"end":{"line":2,"column":27}},"2":{"start":{"line":5,"column":31},"end":{"line":15,"column":1}},"3":{"start":{"line":6,"column":22},"end":{"line":6,"column":53}},"4":{"start":{"line":9,"column":2},"end":{"line":13,"column":null}},"5":{"start":{"line":10,"column":4},"end":{"line":10,"column":66}},"6":{"start":{"line":12,"column":4},"end":{"line":12,"column":19}},"7":{"start":{"line":14,"column":2},"end":{"line":14,"column":17}},"8":{"start":{"line":5,"column":13},"end":{"line":5,"column":31}},"9":{"start":{"line":17,"column":27},"end":{"line":44,"column":2}},"10":{"start":{"line":18,"column":17},"end":{"line":44,"column":2}},"11":{"start":{"line":21,"column":10},"end":{"line":24,"column":6}},"12":{"start":{"line":26,"column":18},"end":{"line":26,"column":null}},"13":{"start":{"line":26,"column":8},"end":{"line":26,"column":null}},"14":{"start":{"line":28,"column":4},"end":{"line":28,"column":50}},"15":{"start":{"line":29,"column":10},"end":{"line":32,"column":6}},"16":{"start":{"line":33,"column":4},"end":{"line":39,"column":null}},"17":{"start":{"line":34,"column":6},"end":{"line":34,"column":32}},"18":{"start":{"line":35,"column":6},"end":{"line":35,"column":53}},"19":{"start":{"line":36,"column":11},"end":{"line":39,"column":null}},"20":{"start":{"line":37,"column":6},"end":{"line":37,"column":32}},"21":{"start":{"line":38,"column":6},"end":{"line":38,"column":62}},"22":{"start":{"line":40,"column":4},"end":{"line":40,"column":24}},"23":{"start":{"line":42,"column":4},"end":{"line":42,"column":17}},"24":{"start":{"line":17,"column":13},"end":{"line":17,"column":27}},"25":{"start":{"line":47,"column":32},"end":{"line":75,"column":2}},"26":{"start":{"line":47,"column":54},"end":{"line":75,"column":2}},"27":{"start":{"line":49,"column":10},"end":{"line":55,"column":6}},"28":{"start":{"line":57,"column":20},"end":{"line":57,"column":null}},"29":{"start":{"line":57,"column":10},"end":{"line":57,"column":null}},"30":{"start":{"line":59,"column":10},"end":{"line":59,"column":52}},"31":{"start":{"line":60,"column":10},"end":{"line":60,"column":44}},"32":{"start":{"line":61,"column":8},"end":{"line":61,"column":17}},"33":{"start":{"line":62,"column":12},"end":{"line":65,"column":8}},"34":{"start":{"line":66,"column":6},"end":{"line":66,"column":25}},"35":{"start":{"line":68,"column":6},"end":{"line":68,"column":18}},"36":{"start":{"line":70,"column":4},"end":{"line":70,"column":17}},"37":{"start":{"line":72,"column":4},"end":{"line":72,"column":23}},"38":{"start":{"line":73,"column":4},"end":{"line":73,"column":17}},"39":{"start":{"line":47,"column":13},"end":{"line":47,"column":32}},"40":{"start":{"line":77,"column":26},"end":{"line":135,"column":2}},"41":{"start":{"line":78,"column":17},"end":{"line":135,"column":2}},"42":{"start":{"line":82,"column":8},"end":{"line":85,"column":6}},"43":{"start":{"line":86,"column":20},"end":{"line":86,"column":null}},"44":{"start":{"line":86,"column":10},"end":{"line":86,"column":null}},"45":{"start":{"line":87,"column":10},"end":{"line":90,"column":6}},"46":{"start":{"line":92,"column":4},"end":{"line":96,"column":null}},"47":{"start":{"line":93,"column":6},"end":{"line":93,"column":32}},"48":{"start":{"line":94,"column":6},"end":{"line":94,"column":53}},"49":{"start":{"line":95,"column":6},"end":{"line":95,"column":26}},"50":{"start":{"line":97,"column":10},"end":{"line":97,"column":41}},"51":{"start":{"line":98,"column":10},"end":{"line":98,"column":42}},"52":{"start":{"line":99,"column":10},"end":{"line":99,"column":45}},"53":{"start":{"line":102,"column":4},"end":{"line":115,"column":null}},"54":{"start":{"line":103,"column":6},"end":{"line":103,"column":32}},"55":{"start":{"line":104,"column":6},"end":{"line":104,"column":64}},"56":{"start":{"line":105,"column":6},"end":{"line":105,"column":26}},"57":{"start":{"line":106,"column":11},"end":{"line":115,"column":null}},"58":{"start":{"line":107,"column":6},"end":{"line":107,"column":32}},"59":{"start":{"line":108,"column":6},"end":{"line":108,"column":63}},"60":{"start":{"line":109,"column":6},"end":{"line":109,"column":26}},"61":{"start":{"line":110,"column":11},"end":{"line":115,"column":null}},"62":{"start":{"line":111,"column":6},"end":{"line":111,"column":32}},"63":{"start":{"line":112,"column":6},"end":{"line":113,"column":71}},"64":{"start":{"line":114,"column":6},"end":{"line":114,"column":26}},"65":{"start":{"line":118,"column":22},"end":{"line":118,"column":null}},"66":{"start":{"line":118,"column":10},"end":{"line":118,"column":null}},"67":{"start":{"line":119,"column":8},"end":{"line":119,"column":9}},"68":{"start":{"line":120,"column":6},"end":{"line":120,"column":32}},"69":{"start":{"line":121,"column":6},"end":{"line":121,"column":69}},"70":{"start":{"line":124,"column":6},"end":{"line":127,"column":8}},"71":{"start":{"line":128,"column":6},"end":{"line":128,"column":25}},"72":{"start":{"line":130,"column":4},"end":{"line":130,"column":24}},"73":{"start":{"line":132,"column":4},"end":{"line":132,"column":25}},"74":{"start":{"line":133,"column":4},"end":{"line":133,"column":17}},"75":{"start":{"line":77,"column":13},"end":{"line":77,"column":26}},"76":{"start":{"line":137,"column":28},"end":{"line":209,"column":2}},"77":{"start":{"line":138,"column":17},"end":{"line":209,"column":2}},"78":{"start":{"line":142,"column":8},"end":{"line":145,"column":6}},"79":{"start":{"line":146,"column":18},"end":{"line":146,"column":null}},"80":{"start":{"line":146,"column":8},"end":{"line":146,"column":null}},"81":{"start":{"line":147,"column":10},"end":{"line":150,"column":6}},"82":{"start":{"line":153,"column":4},"end":{"line":157,"column":null}},"83":{"start":{"line":154,"column":6},"end":{"line":154,"column":32}},"84":{"start":{"line":155,"column":6},"end":{"line":155,"column":53}},"85":{"start":{"line":156,"column":6},"end":{"line":156,"column":26}},"86":{"start":{"line":160,"column":10},"end":{"line":160,"column":41}},"87":{"start":{"line":161,"column":10},"end":{"line":161,"column":42}},"88":{"start":{"line":162,"column":10},"end":{"line":162,"column":45}},"89":{"start":{"line":165,"column":4},"end":{"line":178,"column":null}},"90":{"start":{"line":166,"column":6},"end":{"line":166,"column":32}},"91":{"start":{"line":167,"column":6},"end":{"line":167,"column":64}},"92":{"start":{"line":168,"column":6},"end":{"line":168,"column":26}},"93":{"start":{"line":169,"column":11},"end":{"line":178,"column":null}},"94":{"start":{"line":170,"column":6},"end":{"line":170,"column":32}},"95":{"start":{"line":171,"column":6},"end":{"line":172,"column":71}},"96":{"start":{"line":173,"column":6},"end":{"line":173,"column":26}},"97":{"start":{"line":174,"column":11},"end":{"line":178,"column":null}},"98":{"start":{"line":175,"column":6},"end":{"line":175,"column":32}},"99":{"start":{"line":176,"column":6},"end":{"line":176,"column":73}},"100":{"start":{"line":177,"column":6},"end":{"line":177,"column":26}},"101":{"start":{"line":180,"column":4},"end":{"line":183,"column":6}},"102":{"start":{"line":185,"column":14},"end":{"line":185,"column":33}},"103":{"start":{"line":185,"column":4},"end":{"line":185,"column":33}},"104":{"start":{"line":188,"column":4},"end":{"line":194,"column":6}},"105":{"start":{"line":196,"column":14},"end":{"line":196,"column":33}},"106":{"start":{"line":196,"column":4},"end":{"line":196,"column":33}},"107":{"start":{"line":198,"column":10},"end":{"line":198,"column":44}},"108":{"start":{"line":200,"column":4},"end":{"line":202,"column":7}},"109":{"start":{"line":203,"column":4},"end":{"line":203,"column":17}},"110":{"start":{"line":205,"column":4},"end":{"line":205,"column":24}},"111":{"start":{"line":207,"column":4},"end":{"line":207,"column":17}},"112":{"start":{"line":137,"column":13},"end":{"line":137,"column":28}}},"fnMap":{"0":{"name":"(anonymous_14)","decl":{"start":{"line":5,"column":31},"end":{"line":5,"column":32}},"loc":{"start":{"line":5,"column":47},"end":{"line":15,"column":1}}},"1":{"name":"(anonymous_15)","decl":{"start":{"line":17,"column":27},"end":{"line":17,"column":null}},"loc":{"start":{"line":18,"column":17},"end":{"line":44,"column":2}}},"2":{"name":"(anonymous_16)","decl":{"start":{"line":18,"column":17},"end":{"line":18,"column":null}},"loc":{"start":{"line":18,"column":17},"end":{"line":44,"column":2}}},"3":{"name":"(anonymous_18)","decl":{"start":{"line":47,"column":32},"end":{"line":47,"column":39}},"loc":{"start":{"line":47,"column":54},"end":{"line":75,"column":2}}},"4":{"name":"(anonymous_19)","decl":{"start":{"line":47,"column":54},"end":{"line":47,"column":null}},"loc":{"start":{"line":47,"column":54},"end":{"line":75,"column":2}}},"5":{"name":"(anonymous_21)","decl":{"start":{"line":77,"column":26},"end":{"line":77,"column":null}},"loc":{"start":{"line":78,"column":17},"end":{"line":135,"column":2}}},"6":{"name":"(anonymous_22)","decl":{"start":{"line":78,"column":17},"end":{"line":78,"column":null}},"loc":{"start":{"line":78,"column":17},"end":{"line":135,"column":2}}},"7":{"name":"(anonymous_24)","decl":{"start":{"line":137,"column":28},"end":{"line":137,"column":null}},"loc":{"start":{"line":138,"column":17},"end":{"line":209,"column":2}}},"8":{"name":"(anonymous_25)","decl":{"start":{"line":138,"column":17},"end":{"line":138,"column":null}},"loc":{"start":{"line":138,"column":17},"end":{"line":209,"column":2}}}},"branchMap":{"0":{"loc":{"start":{"line":9,"column":2},"end":{"line":13,"column":null}},"type":"if","locations":[{"start":{"line":9,"column":2},"end":{"line":13,"column":null}},{"start":{"line":9,"column":2},"end":{"line":13,"column":null}}]},"1":{"loc":{"start":{"line":33,"column":4},"end":{"line":39,"column":null}},"type":"if","locations":[{"start":{"line":33,"column":4},"end":{"line":39,"column":null}},{"start":{"line":33,"column":4},"end":{"line":39,"column":null}}]},"2":{"loc":{"start":{"line":36,"column":11},"end":{"line":39,"column":null}},"type":"if","locations":[{"start":{"line":36,"column":11},"end":{"line":39,"column":null}},{"start":{"line":36,"column":11},"end":{"line":39,"column":null}}]},"3":{"loc":{"start":{"line":70,"column":4},"end":{"line":70,"column":17}},"type":"switch","locations":[{"start":{"line":70,"column":4},"end":{"line":70,"column":17}}]},"4":{"loc":{"start":{"line":61,"column":8},"end":{"line":61,"column":17}},"type":"if","locations":[{"start":{"line":61,"column":8},"end":{"line":61,"column":17}},{"start":{"line":61,"column":8},"end":{"line":61,"column":17}}]},"5":{"loc":{"start":{"line":130,"column":4},"end":{"line":130,"column":24}},"type":"switch","locations":[{"start":{"line":130,"column":4},"end":{"line":130,"column":24}}]},"6":{"loc":{"start":{"line":92,"column":4},"end":{"line":96,"column":null}},"type":"if","locations":[{"start":{"line":92,"column":4},"end":{"line":96,"column":null}},{"start":{"line":92,"column":4},"end":{"line":96,"column":null}}]},"7":{"loc":{"start":{"line":102,"column":4},"end":{"line":115,"column":null}},"type":"if","locations":[{"start":{"line":102,"column":4},"end":{"line":115,"column":null}},{"start":{"line":102,"column":4},"end":{"line":115,"column":null}}]},"8":{"loc":{"start":{"line":106,"column":11},"end":{"line":115,"column":null}},"type":"if","locations":[{"start":{"line":106,"column":11},"end":{"line":115,"column":null}},{"start":{"line":106,"column":11},"end":{"line":115,"column":null}}]},"9":{"loc":{"start":{"line":110,"column":11},"end":{"line":115,"column":null}},"type":"if","locations":[{"start":{"line":110,"column":11},"end":{"line":115,"column":null}},{"start":{"line":110,"column":11},"end":{"line":115,"column":null}}]},"10":{"loc":{"start":{"line":119,"column":8},"end":{"line":119,"column":9}},"type":"if","locations":[{"start":{"line":119,"column":8},"end":{"line":119,"column":9}},{"start":{"line":119,"column":8},"end":{"line":119,"column":9}}]},"11":{"loc":{"start":{"line":153,"column":4},"end":{"line":157,"column":null}},"type":"if","locations":[{"start":{"line":153,"column":4},"end":{"line":157,"column":null}},{"start":{"line":153,"column":4},"end":{"line":157,"column":null}}]},"12":{"loc":{"start":{"line":165,"column":4},"end":{"line":178,"column":null}},"type":"if","locations":[{"start":{"line":165,"column":4},"end":{"line":178,"column":null}},{"start":{"line":165,"column":4},"end":{"line":178,"column":null}}]},"13":{"loc":{"start":{"line":169,"column":11},"end":{"line":178,"column":null}},"type":"if","locations":[{"start":{"line":169,"column":11},"end":{"line":178,"column":null}},{"start":{"line":169,"column":11},"end":{"line":178,"column":null}}]},"14":{"loc":{"start":{"line":174,"column":11},"end":{"line":178,"column":null}},"type":"if","locations":[{"start":{"line":174,"column":11},"end":{"line":178,"column":null}},{"start":{"line":174,"column":11},"end":{"line":178,"column":null}}]}},"s":{"0":1,"1":1,"2":1,"3":2,"4":2,"5":1,"6":1,"7":2,"8":1,"9":1,"10":4,"11":4,"12":4,"13":4,"14":4,"15":4,"16":4,"17":1,"18":1,"19":3,"20":1,"21":1,"22":4,"23":0,"24":1,"25":1,"26":3,"27":3,"28":3,"29":3,"30":3,"31":3,"32":4,"33":2,"34":4,"35":2,"36":1,"37":0,"38":0,"39":1,"40":1,"41":6,"42":6,"43":6,"44":6,"45":6,"46":6,"47":1,"48":1,"49":1,"50":5,"51":5,"52":5,"53":5,"54":1,"55":1,"56":1,"57":4,"58":1,"59":1,"60":1,"61":3,"62":1,"63":1,"64":1,"65":2,"66":2,"67":4,"68":0,"69":0,"70":2,"71":4,"72":2,"73":0,"74":0,"75":1,"76":1,"77":5,"78":5,"79":5,"80":5,"81":5,"82":5,"83":1,"84":1,"85":1,"86":4,"87":4,"88":4,"89":4,"90":1,"91":1,"92":1,"93":3,"94":1,"95":1,"96":1,"97":2,"98":1,"99":1,"100":1,"101":1,"102":1,"103":1,"104":1,"105":1,"106":1,"107":1,"108":1,"109":1,"110":1,"111":0,"112":1},"f":{"0":2,"1":4,"2":4,"3":3,"4":3,"5":6,"6":6,"7":5,"8":5},"b":{"0":[1,1],"1":[1,3],"2":[1,2],"3":[1],"4":[1,2],"5":[2],"6":[1,5],"7":[1,4],"8":[1,3],"9":[1,2],"10":[2,0],"11":[1,4],"12":[1,3],"13":[1,2],"14":[1,1]}}
,"/home/pitas/Desktop/SLM assignment/api/src/services/state.service.ts": {"path":"/home/pitas/Desktop/SLM assignment/api/src/services/state.service.ts","statementMap":{"0":{"start":{"line":1,"column":0},"end":{"line":1,"column":40}},"1":{"start":{"line":3,"column":26},"end":{"line":16,"column":2}},"2":{"start":{"line":5,"column":10},"end":{"line":6,"column":75}},"3":{"start":{"line":7,"column":10},"end":{"line":7,"column":55}},"4":{"start":{"line":9,"column":4},"end":{"line":9,"column":24}},"5":{"start":{"line":10,"column":4},"end":{"line":10,"column":24}},"6":{"start":{"line":12,"column":4},"end":{"line":12,"column":11}},"7":{"start":{"line":14,"column":4},"end":{"line":14,"column":17}},"8":{"start":{"line":3,"column":13},"end":{"line":3,"column":26}}},"fnMap":{"0":{"name":"(anonymous_13)","decl":{"start":{"line":3,"column":26},"end":{"line":3,"column":null}},"loc":{"start":{"line":3,"column":26},"end":{"line":16,"column":2}}}},"branchMap":{},"s":{"0":1,"1":2,"2":1,"3":1,"4":2,"5":2,"6":1,"7":0,"8":1},"f":{"0":2},"b":{}}
,"/home/pitas/Desktop/SLM assignment/api/src/tests/mockDriverData.ts": {"path":"/home/pitas/Desktop/SLM assignment/api/src/tests/mockDriverData.ts","statementMap":{"0":{"start":{"line":1,"column":13},"end":{"line":14,"column":2}},"1":{"start":{"line":16,"column":13},"end":{"line":27,"column":2}},"2":{"start":{"line":29,"column":13},"end":{"line":36,"column":2}}},"fnMap":{},"branchMap":{},"s":{"0":1,"1":1,"2":1},"f":{},"b":{}}
,"/home/pitas/Desktop/SLM assignment/api/src/tests/mockPackageData.ts": {"path":"/home/pitas/Desktop/SLM assignment/api/src/tests/mockPackageData.ts","statementMap":{"0":{"start":{"line":1,"column":13},"end":{"line":12,"column":2}},"1":{"start":{"line":14,"column":13},"end":{"line":31,"column":2}},"2":{"start":{"line":32,"column":13},"end":{"line":53,"column":2}},"3":{"start":{"line":55,"column":13},"end":{"line":62,"column":2}}},"fnMap":{},"branchMap":{},"s":{"0":1,"1":1,"2":1,"3":1},"f":{},"b":{}}
}
