TN:
SF:src/config/config.ts
FNF:0
FNH:0
DA:2,3
DA:3,3
DA:4,3
DA:5,3
DA:8,3
DA:16,3
DA:17,3
DA:19,3
DA:25,3
DA:30,3
LF:10
LH:10
BRDA:16,0,0,0
BRDA:16,0,1,3
BRDA:16,1,0,3
BRDA:16,1,1,3
BRDA:17,2,0,0
BRDA:17,2,1,3
BRDA:17,3,0,3
BRDA:17,3,1,3
BRF:8
BRH:6
end_of_record
TN:
SF:src/config/mysql.ts
FN:18,(anonymous_14)
FN:18,(anonymous_15)
FN:19,(anonymous_17)
FN:20,(anonymous_18)
FN:24,(anonymous_19)
FNF:5
FNH:0
FNDA:0,(anonymous_14)
FNDA:0,(anonymous_15)
FNDA:0,(anonymous_17)
FNDA:0,(anonymous_18)
FNDA:0,(anonymous_19)
DA:2,3
DA:3,3
DA:6,3
DA:15,3
DA:18,3
DA:19,0
DA:20,0
DA:21,0
DA:22,0
DA:24,0
DA:25,0
DA:26,0
DA:28,0
DA:29,0
DA:34,3
LF:15
LH:6
BRDA:19,0,0,0
BRDA:19,0,1,0
BRDA:21,1,0,0
BRDA:21,1,1,0
BRDA:25,2,0,0
BRDA:25,2,1,0
BRF:6
BRH:0
end_of_record
TN:
SF:src/services/drivers.service.ts
FN:4,(anonymous_14)
FN:17,(anonymous_17)
FN:18,(anonymous_18)
FN:36,(anonymous_20)
FN:36,(anonymous_21)
FNF:5
FNH:5
FNDA:4,(anonymous_14)
FNDA:2,(anonymous_17)
FNDA:2,(anonymous_18)
FNDA:2,(anonymous_20)
FNDA:2,(anonymous_21)
DA:1,1
DA:2,1
DA:4,3
DA:6,2
DA:8,2
DA:10,2
DA:12,0
DA:17,1
DA:18,2
DA:21,2
DA:28,2
DA:30,2
DA:32,0
DA:36,2
DA:38,2
DA:43,2
DA:45,2
DA:47,0
LF:18
LH:15
BRF:0
BRH:0
end_of_record
TN:
SF:src/services/package.get.service.ts
FN:4,(anonymous_14)
FN:16,(anonymous_17)
FN:28,(anonymous_20)
FN:40,(anonymous_23)
FN:52,(anonymous_26)
FN:65,(anonymous_29)
FN:65,(anonymous_30)
FN:100,(anonymous_32)
FN:121,(anonymous_35)
FN:166,(anonymous_36)
FN:166,(anonymous_37)
FNF:11
FNH:11
FNDA:4,(anonymous_14)
FNDA:12,(anonymous_17)
FNDA:6,(anonymous_20)
FNDA:12,(anonymous_23)
FNDA:6,(anonymous_26)
FNDA:6,(anonymous_29)
FNDA:6,(anonymous_30)
FNDA:4,(anonymous_32)
FNDA:4,(anonymous_35)
FNDA:2,(anonymous_36)
FNDA:2,(anonymous_37)
DA:1,1
DA:2,1
DA:4,3
DA:6,2
DA:8,2
DA:10,2
DA:12,0
DA:16,7
DA:19,6
DA:21,6
DA:22,6
DA:24,0
DA:28,4
DA:31,3
DA:33,3
DA:34,3
DA:36,0
DA:40,7
DA:43,6
DA:45,6
DA:46,6
DA:48,0
DA:52,4
DA:55,3
DA:57,3
DA:59,3
DA:61,0
DA:65,6
DA:68,6
DA:73,6
DA:74,6
DA:76,6
DA:77,5
DA:78,5
DA:79,5
DA:81,5
DA:82,2
DA:83,3
DA:84,1
DA:85,2
DA:86,1
DA:88,1
DA:91,1
DA:93,6
DA:95,0
DA:96,0
DA:100,3
DA:103,2
DA:107,2
DA:110,2
DA:120,2
DA:121,2
DA:122,4
DA:123,4
DA:124,4
DA:125,4
DA:126,4
DA:127,4
DA:128,4
DA:129,4
DA:132,4
DA:133,4
DA:135,0
DA:140,4
DA:141,0
DA:142,4
DA:143,0
DA:144,4
DA:145,0
DA:147,4
DA:150,4
DA:160,2
DA:162,0
DA:166,2
DA:169,2
DA:174,2
DA:176,2
DA:178,0
LF:78
LH:65
BRDA:76,0,0,5
BRDA:76,0,1,1
BRDA:81,1,0,2
BRDA:81,1,1,3
BRDA:83,2,0,1
BRDA:83,2,1,2
BRDA:85,3,0,1
BRDA:85,3,1,1
BRDA:120,4,0,2
BRDA:120,4,1,0
BRDA:132,5,0,4
BRDA:132,5,1,0
BRDA:140,6,0,0
BRDA:140,6,1,4
BRDA:142,7,0,0
BRDA:142,7,1,4
BRDA:144,8,0,0
BRDA:144,8,1,4
BRF:18
BRH:13
end_of_record
TN:
SF:src/services/package.put.service.ts
FN:5,(anonymous_14)
FN:17,(anonymous_15)
FN:18,(anonymous_16)
FN:47,(anonymous_18)
FN:47,(anonymous_19)
FN:77,(anonymous_21)
FN:78,(anonymous_22)
FN:137,(anonymous_24)
FN:138,(anonymous_25)
FNF:9
FNH:9
FNDA:2,(anonymous_14)
FNDA:4,(anonymous_15)
FNDA:4,(anonymous_16)
FNDA:3,(anonymous_18)
FNDA:3,(anonymous_19)
FNDA:6,(anonymous_21)
FNDA:6,(anonymous_22)
FNDA:5,(anonymous_24)
FNDA:5,(anonymous_25)
DA:1,1
DA:2,1
DA:5,1
DA:6,2
DA:9,2
DA:10,1
DA:12,1
DA:14,2
DA:17,1
DA:18,4
DA:21,4
DA:26,4
DA:28,4
DA:29,4
DA:33,4
DA:34,1
DA:35,1
DA:36,3
DA:37,1
DA:38,1
DA:40,4
DA:42,0
DA:47,3
DA:49,3
DA:57,3
DA:59,3
DA:60,3
DA:61,4
DA:62,2
DA:66,4
DA:68,2
DA:70,1
DA:72,0
DA:73,0
DA:77,1
DA:78,6
DA:82,6
DA:86,6
DA:87,6
DA:92,6
DA:93,1
DA:94,1
DA:95,1
DA:97,5
DA:98,5
DA:99,5
DA:102,5
DA:103,1
DA:104,1
DA:105,1
DA:106,4
DA:107,1
DA:108,1
DA:109,1
DA:110,3
DA:111,1
DA:112,1
DA:114,1
DA:118,2
DA:119,4
DA:120,0
DA:121,0
DA:124,2
DA:128,4
DA:130,2
DA:132,0
DA:133,0
DA:137,1
DA:138,5
DA:142,5
DA:146,5
DA:147,5
DA:153,5
DA:154,1
DA:155,1
DA:156,1
DA:160,4
DA:161,4
DA:162,4
DA:165,4
DA:166,1
DA:167,1
DA:168,1
DA:169,3
DA:170,1
DA:171,1
DA:173,1
DA:174,2
DA:175,1
DA:176,1
DA:177,1
DA:180,1
DA:185,1
DA:188,1
DA:196,1
DA:198,1
DA:200,1
DA:203,1
DA:205,1
DA:207,0
LF:100
LH:92
BRDA:9,0,0,1
BRDA:9,0,1,1
BRDA:33,1,0,1
BRDA:33,1,1,3
BRDA:36,2,0,1
BRDA:36,2,1,2
BRDA:70,3,0,1
BRDA:61,4,0,1
BRDA:61,4,1,2
BRDA:130,5,0,2
BRDA:92,6,0,1
BRDA:92,6,1,5
BRDA:102,7,0,1
BRDA:102,7,1,4
BRDA:106,8,0,1
BRDA:106,8,1,3
BRDA:110,9,0,1
BRDA:110,9,1,2
BRDA:119,10,0,2
BRDA:119,10,1,0
BRDA:153,11,0,1
BRDA:153,11,1,4
BRDA:165,12,0,1
BRDA:165,12,1,3
BRDA:169,13,0,1
BRDA:169,13,1,2
BRDA:174,14,0,1
BRDA:174,14,1,1
BRF:28
BRH:27
end_of_record
TN:
SF:src/services/state.service.ts
FN:3,(anonymous_13)
FNF:1
FNH:1
FNDA:2,(anonymous_13)
DA:1,1
DA:3,2
DA:5,1
DA:7,1
DA:9,2
DA:10,2
DA:12,1
DA:14,0
LF:8
LH:7
BRF:0
BRH:0
end_of_record
TN:
SF:src/tests/mockDriverData.ts
FNF:0
FNH:0
DA:1,1
DA:16,1
DA:29,1
LF:3
LH:3
BRF:0
BRH:0
end_of_record
TN:
SF:src/tests/mockPackageData.ts
FNF:0
FNH:0
DA:1,1
DA:14,1
DA:32,1
DA:55,1
LF:4
LH:4
BRF:0
BRH:0
end_of_record
